<?xml version="1.0" encoding="UTF-8"?>
<robot generator="Robot 3.1.2 (Python 3.8.1 on win32)" generated="20200417 00:52:38.560" rpa="false">
<suite id="s1" name="Test CAses" source="E:\Automatizacion\Practicas-QA-RF\03-Caso 03\Test CAses.robot">
<kw name="Suite setup esp" library="Keywords_Global" type="setup">
<kw name="Set Screenshot Directory" library="SeleniumLibrary">
<doc>Sets the directory for captured screenshots.</doc>
<arguments>
<arg>Screenshot</arg>
</arguments>
<status status="PASS" starttime="20200417 00:52:39.134" endtime="20200417 00:52:39.135"></status>
</kw>
<kw name="Generate Email" library="Keywords_Global">
<kw name="Get File" library="OperatingSystem">
<doc>Returns the contents of a specified file.</doc>
<arguments>
<arg>Email/email.txt</arg>
</arguments>
<assign>
<var>${texto}</var>
</assign>
<msg timestamp="20200417 00:52:39.136" level="INFO" html="yes">Getting file '&lt;a href="file://E:\Automatizacion\Practicas-QA-RF\03-Caso 03\Email\email.txt"&gt;E:\Automatizacion\Practicas-QA-RF\03-Caso 03\Email\email.txt&lt;/a&gt;'.</msg>
<msg timestamp="20200417 00:52:39.137" level="INFO">${texto} = Listado de correos generados de forma aleatoria:
 ccolorado@chipote.com
2020-04-14 01:49:08.999
 qvsmwq@chipote.com
2020-04-16 20:10:50.281
 onsera@chipote.com
2020-04-16 23:38:09.628
 sjawkz@chipote....</msg>
<status status="PASS" starttime="20200417 00:52:39.136" endtime="20200417 00:52:39.137"></status>
</kw>
<kw name="Split String" library="String">
<doc>Splits the ``string`` using ``separator`` as a delimiter string.</doc>
<arguments>
<arg>${texto}</arg>
</arguments>
<assign>
<var>@{lista}</var>
</assign>
<msg timestamp="20200417 00:52:39.138" level="INFO">@{lista} = [ Listado | de | correos | generados | de | forma | aleatoria: | ccolorado@chipote.com | 2020-04-14 | 01:49:08.999 | qvsmwq@chipote.com | 2020-04-16 | 20:10:50.281 | onsera@chipote.com | 2020-04-16 | ...</msg>
<status status="PASS" starttime="20200417 00:52:39.137" endtime="20200417 00:52:39.139"></status>
</kw>
<kw name="Get From List" library="Collections">
<doc>Returns the value specified with an ``index`` from ``list``.</doc>
<arguments>
<arg>${lista}</arg>
<arg>-1</arg>
</arguments>
<assign>
<var>${Email}</var>
</assign>
<msg timestamp="20200417 00:52:39.139" level="INFO">${Email} = joxdal@chipote.com</msg>
<status status="PASS" starttime="20200417 00:52:39.139" endtime="20200417 00:52:39.140"></status>
</kw>
<kw name="Set Global Variable" library="BuiltIn">
<doc>Makes a variable available globally in all tests and suites.</doc>
<arguments>
<arg>${Email}</arg>
</arguments>
<msg timestamp="20200417 00:52:39.141" level="INFO">${Email} = joxdal@chipote.com</msg>
<status status="PASS" starttime="20200417 00:52:39.140" endtime="20200417 00:52:39.141"></status>
</kw>
<status status="PASS" starttime="20200417 00:52:39.135" endtime="20200417 00:52:39.141"></status>
</kw>
<kw name="Set Selenium Speed" library="SeleniumLibrary">
<doc>Sets the delay that is waited after each Selenium command.</doc>
<arguments>
<arg>0.2</arg>
</arguments>
<status status="PASS" starttime="20200417 00:52:39.141" endtime="20200417 00:52:39.142"></status>
</kw>
<kw name="Set Selenium Timeout" library="SeleniumLibrary">
<doc>Sets the timeout that is used by various keywords.</doc>
<arguments>
<arg>10.0</arg>
</arguments>
<status status="PASS" starttime="20200417 00:52:39.142" endtime="20200417 00:52:39.142"></status>
</kw>
<kw name="Open homepage" library="Keywords_Global">
<arguments>
<arg>1250</arg>
<arg>900</arg>
</arguments>
<kw name="Open Browser" library="SeleniumLibrary">
<doc>Opens a new browser instance to the optional ``url``.</doc>
<arguments>
<arg>${homepage}</arg>
<arg>${browser}</arg>
</arguments>
<msg timestamp="20200417 00:52:39.144" level="INFO">Opening browser 'chrome' to base url 'https://demo.opencart.com/'.</msg>
<status status="PASS" starttime="20200417 00:52:39.143" endtime="20200417 00:52:48.281"></status>
</kw>
<kw name="Set Window Size" library="SeleniumLibrary">
<doc>Sets current windows size to given ``width`` and ``height``.</doc>
<arguments>
<arg>${width}</arg>
<arg>${height}</arg>
</arguments>
<status status="PASS" starttime="20200417 00:52:48.281" endtime="20200417 00:52:52.612"></status>
</kw>
<status status="PASS" starttime="20200417 00:52:39.142" endtime="20200417 00:52:52.612"></status>
</kw>
<status status="PASS" starttime="20200417 00:52:39.134" endtime="20200417 00:52:52.613"></status>
</kw>
<test id="s1-t1" name="User register">
<kw name="Generate Email_New" library="Keywords_Global">
<kw name="Generate Random String" library="String">
<doc>Generates a string with a desired ``length`` from the given ``chars``.</doc>
<arguments>
<arg>6</arg>
<arg>${abc}</arg>
</arguments>
<assign>
<var>${Usuario}</var>
</assign>
<msg timestamp="20200417 00:52:52.618" level="INFO">${Usuario} = dshfgp</msg>
<status status="PASS" starttime="20200417 00:52:52.617" endtime="20200417 00:52:52.618"></status>
</kw>
<kw name="Catenate" library="BuiltIn">
<doc>Catenates the given items together and returns the resulted string.</doc>
<arguments>
<arg>SEPARATOR=</arg>
<arg>${Usuario}</arg>
<arg>@chipote.com</arg>
</arguments>
<assign>
<var>${Email_New}</var>
</assign>
<msg timestamp="20200417 00:52:52.620" level="INFO">${Email_New} = dshfgp@chipote.com</msg>
<status status="PASS" starttime="20200417 00:52:52.619" endtime="20200417 00:52:52.620"></status>
</kw>
<kw name="Set Global Variable" library="BuiltIn">
<doc>Makes a variable available globally in all tests and suites.</doc>
<arguments>
<arg>${Email_New}</arg>
</arguments>
<msg timestamp="20200417 00:52:52.623" level="INFO">${Email_New} = dshfgp@chipote.com</msg>
<status status="PASS" starttime="20200417 00:52:52.621" endtime="20200417 00:52:52.623"></status>
</kw>
<status status="PASS" starttime="20200417 00:52:52.615" endtime="20200417 00:52:52.624"></status>
</kw>
<kw name="Go To Homepage" library="Keywords_Global">
<kw name="Go To" library="SeleniumLibrary">
<doc>Navigates the current browser window to the provided ``url``.</doc>
<arguments>
<arg>${homepage}</arg>
</arguments>
<msg timestamp="20200417 00:52:52.627" level="INFO">Opening url 'https://demo.opencart.com/'</msg>
<status status="PASS" starttime="20200417 00:52:52.627" endtime="20200417 00:52:54.194"></status>
</kw>
<kw name="Wait Until Element Is Visible" library="SeleniumLibrary">
<doc>Waits until the element ``locator`` is visible.</doc>
<arguments>
<arg>${Logo Homepage}</arg>
</arguments>
<status status="PASS" starttime="20200417 00:52:54.195" endtime="20200417 00:52:54.785"></status>
</kw>
<status status="PASS" starttime="20200417 00:52:52.625" endtime="20200417 00:52:54.785"></status>
</kw>
<kw name="Registrar nuevo Usuario" library="Keywords_Global">
<arguments>
<arg>0</arg>
</arguments>
<kw name="Click Element" library="SeleniumLibrary">
<doc>Click the element identified by ``locator``.</doc>
<arguments>
<arg>${My Account}</arg>
</arguments>
<msg timestamp="20200417 00:52:54.789" level="INFO">Clicking element 'link:My Account'.</msg>
<status status="PASS" starttime="20200417 00:52:54.788" endtime="20200417 00:52:55.423"></status>
</kw>
<kw name="Click Element" library="SeleniumLibrary">
<doc>Click the element identified by ``locator``.</doc>
<arguments>
<arg>${Register}</arg>
</arguments>
<msg timestamp="20200417 00:52:55.424" level="INFO">Clicking element 'link:Register'.</msg>
<status status="PASS" starttime="20200417 00:52:55.423" endtime="20200417 00:52:58.669"></status>
</kw>
<kw name="Input Text" library="SeleniumLibrary">
<doc>Types the given ``text`` into the text field identified by ``locator``.</doc>
<arguments>
<arg>${Reg_Input_FstName}</arg>
<arg>${First Name}</arg>
</arguments>
<msg timestamp="20200417 00:52:58.671" level="INFO">Typing text 'Chapulin' into text field 'xpath://*[@id="input-firstname"]'.</msg>
<status status="PASS" starttime="20200417 00:52:58.669" endtime="20200417 00:52:59.624"></status>
</kw>
<kw name="Input Text" library="SeleniumLibrary">
<doc>Types the given ``text`` into the text field identified by ``locator``.</doc>
<arguments>
<arg>${Reg_Input_LastName}</arg>
<arg>${Last Name}</arg>
</arguments>
<msg timestamp="20200417 00:52:59.626" level="INFO">Typing text 'Colorado' into text field 'xpath://*[@id="input-lastname"]'.</msg>
<status status="PASS" starttime="20200417 00:52:59.624" endtime="20200417 00:53:00.537"></status>
</kw>
<kw name="Input Text" library="SeleniumLibrary">
<doc>Types the given ``text`` into the text field identified by ``locator``.</doc>
<arguments>
<arg>${Reg_Input_Email}</arg>
<arg>${Email_New}</arg>
</arguments>
<msg timestamp="20200417 00:53:00.538" level="INFO">Typing text 'dshfgp@chipote.com' into text field 'xpath://*[@id="input-email"]'.</msg>
<status status="PASS" starttime="20200417 00:53:00.537" endtime="20200417 00:53:01.496"></status>
</kw>
<kw name="Input Text" library="SeleniumLibrary">
<doc>Types the given ``text`` into the text field identified by ``locator``.</doc>
<arguments>
<arg>${Reg_Input_Telephone}</arg>
<arg>${Telephone}</arg>
</arguments>
<msg timestamp="20200417 00:53:01.498" level="INFO">Typing text '987654321' into text field 'xpath://*[@id="input-telephone"]'.</msg>
<status status="PASS" starttime="20200417 00:53:01.497" endtime="20200417 00:53:02.429"></status>
</kw>
<kw name="Input Text" library="SeleniumLibrary">
<doc>Types the given ``text`` into the text field identified by ``locator``.</doc>
<arguments>
<arg>${Reg_Input_password}</arg>
<arg>${Password}</arg>
</arguments>
<msg timestamp="20200417 00:53:02.430" level="INFO">Typing text 'Siganmelosbuenos' into text field 'xpath://*[@id="input-password"]'.</msg>
<status status="PASS" starttime="20200417 00:53:02.429" endtime="20200417 00:53:03.405"></status>
</kw>
<kw name="Input Text" library="SeleniumLibrary">
<doc>Types the given ``text`` into the text field identified by ``locator``.</doc>
<arguments>
<arg>${Reg_Input_confirm}</arg>
<arg>${Password}</arg>
</arguments>
<msg timestamp="20200417 00:53:03.406" level="INFO">Typing text 'Siganmelosbuenos' into text field 'xpath://*[@id="input-confirm"]'.</msg>
<status status="PASS" starttime="20200417 00:53:03.405" endtime="20200417 00:53:04.387"></status>
</kw>
<kw name="Select Radio Button" library="SeleniumLibrary">
<doc>Sets the radio button group ``group_name`` to ``value``.</doc>
<arguments>
<arg>${Radio_Btn_newsletter}</arg>
<arg>${R_Btn_newsletter}</arg>
</arguments>
<msg timestamp="20200417 00:53:04.388" level="INFO">Selecting '0' from radio button 'newsletter'.</msg>
<status status="PASS" starttime="20200417 00:53:04.387" endtime="20200417 00:53:04.866"></status>
</kw>
<kw name="Select Checkbox" library="SeleniumLibrary">
<doc>Selects the checkbox identified by ``locator``.</doc>
<arguments>
<arg>${Accept Terms_1}</arg>
</arguments>
<msg timestamp="20200417 00:53:04.867" level="INFO">Selecting checkbox 'xpath://*[@id="content"]/form/div/div/input[1]'.</msg>
<status status="PASS" starttime="20200417 00:53:04.866" endtime="20200417 00:53:06.100"></status>
</kw>
<kw name="Click Element" library="SeleniumLibrary">
<doc>Click the element identified by ``locator``.</doc>
<arguments>
<arg>${Terminar Reg}</arg>
</arguments>
<msg timestamp="20200417 00:53:06.101" level="INFO">Clicking element 'xpath://*[@id="content"]/form/div/div/input[2]'.</msg>
<status status="PASS" starttime="20200417 00:53:06.100" endtime="20200417 00:53:09.023"></status>
</kw>
<status status="PASS" starttime="20200417 00:52:54.787" endtime="20200417 00:53:09.023"></status>
</kw>
<kw name="Verificar registro" library="Keywords_Global">
<kw name="Wait Until Element Is Visible" library="SeleniumLibrary">
<doc>Waits until the element ``locator`` is visible.</doc>
<arguments>
<arg>${pagina confirmacion_1}</arg>
</arguments>
<status status="PASS" starttime="20200417 00:53:09.026" endtime="20200417 00:53:09.528"></status>
</kw>
<kw name="Element Should Contain" library="SeleniumLibrary">
<doc>Verifies that element ``locator`` contains text ``expected``.</doc>
<arguments>
<arg>${pagina confirmacion_1}</arg>
<arg>${msj confirmacion_1}</arg>
</arguments>
<msg timestamp="20200417 00:53:10.001" level="INFO">Element 'xpath://*[@id="content"]/h1' contains text 'Your Account Has Been Created!'.</msg>
<status status="PASS" starttime="20200417 00:53:09.528" endtime="20200417 00:53:10.001"></status>
</kw>
<status status="PASS" starttime="20200417 00:53:09.025" endtime="20200417 00:53:10.002"></status>
</kw>
<kw name="Log Out" library="Keywords_Global">
<kw name="Click Link" library="SeleniumLibrary">
<doc>Clicks a link identified by ``locator``.</doc>
<arguments>
<arg>${My Account}</arg>
</arguments>
<msg timestamp="20200417 00:53:10.005" level="INFO">Clicking link 'link:My Account'.</msg>
<status status="PASS" starttime="20200417 00:53:10.004" endtime="20200417 00:53:11.295"></status>
</kw>
<kw name="Click Link" library="SeleniumLibrary">
<doc>Clicks a link identified by ``locator``.</doc>
<arguments>
<arg>${Logout}</arg>
</arguments>
<msg timestamp="20200417 00:53:11.296" level="INFO">Clicking link 'link:Logout'.</msg>
<status status="PASS" starttime="20200417 00:53:11.295" endtime="20200417 00:53:14.409"></status>
</kw>
<status status="PASS" starttime="20200417 00:53:10.003" endtime="20200417 00:53:14.410"></status>
</kw>
<tags>
<tag>Register</tag>
</tags>
<status status="PASS" starttime="20200417 00:52:52.613" endtime="20200417 00:53:14.412" critical="yes"></status>
</test>
<test id="s1-t2" name="User Login">
<kw name="Generate Email" library="Keywords_Global">
<kw name="Get File" library="OperatingSystem">
<doc>Returns the contents of a specified file.</doc>
<arguments>
<arg>Email/email.txt</arg>
</arguments>
<assign>
<var>${texto}</var>
</assign>
<msg timestamp="20200417 00:53:14.424" level="INFO" html="yes">Getting file '&lt;a href="file://E:\Automatizacion\Practicas-QA-RF\03-Caso 03\Email\email.txt"&gt;E:\Automatizacion\Practicas-QA-RF\03-Caso 03\Email\email.txt&lt;/a&gt;'.</msg>
<msg timestamp="20200417 00:53:14.426" level="INFO">${texto} = Listado de correos generados de forma aleatoria:
 ccolorado@chipote.com
2020-04-14 01:49:08.999
 qvsmwq@chipote.com
2020-04-16 20:10:50.281
 onsera@chipote.com
2020-04-16 23:38:09.628
 sjawkz@chipote....</msg>
<status status="PASS" starttime="20200417 00:53:14.423" endtime="20200417 00:53:14.426"></status>
</kw>
<kw name="Split String" library="String">
<doc>Splits the ``string`` using ``separator`` as a delimiter string.</doc>
<arguments>
<arg>${texto}</arg>
</arguments>
<assign>
<var>@{lista}</var>
</assign>
<msg timestamp="20200417 00:53:14.429" level="INFO">@{lista} = [ Listado | de | correos | generados | de | forma | aleatoria: | ccolorado@chipote.com | 2020-04-14 | 01:49:08.999 | qvsmwq@chipote.com | 2020-04-16 | 20:10:50.281 | onsera@chipote.com | 2020-04-16 | ...</msg>
<status status="PASS" starttime="20200417 00:53:14.427" endtime="20200417 00:53:14.430"></status>
</kw>
<kw name="Get From List" library="Collections">
<doc>Returns the value specified with an ``index`` from ``list``.</doc>
<arguments>
<arg>${lista}</arg>
<arg>-1</arg>
</arguments>
<assign>
<var>${Email}</var>
</assign>
<msg timestamp="20200417 00:53:14.431" level="INFO">${Email} = joxdal@chipote.com</msg>
<status status="PASS" starttime="20200417 00:53:14.430" endtime="20200417 00:53:14.432"></status>
</kw>
<kw name="Set Global Variable" library="BuiltIn">
<doc>Makes a variable available globally in all tests and suites.</doc>
<arguments>
<arg>${Email}</arg>
</arguments>
<msg timestamp="20200417 00:53:14.433" level="INFO">${Email} = joxdal@chipote.com</msg>
<status status="PASS" starttime="20200417 00:53:14.432" endtime="20200417 00:53:14.434"></status>
</kw>
<status status="PASS" starttime="20200417 00:53:14.420" endtime="20200417 00:53:14.434"></status>
</kw>
<kw name="Go To Homepage" library="Keywords_Global">
<kw name="Go To" library="SeleniumLibrary">
<doc>Navigates the current browser window to the provided ``url``.</doc>
<arguments>
<arg>${homepage}</arg>
</arguments>
<msg timestamp="20200417 00:53:14.439" level="INFO">Opening url 'https://demo.opencart.com/'</msg>
<status status="PASS" starttime="20200417 00:53:14.437" endtime="20200417 00:53:16.020"></status>
</kw>
<kw name="Wait Until Element Is Visible" library="SeleniumLibrary">
<doc>Waits until the element ``locator`` is visible.</doc>
<arguments>
<arg>${Logo Homepage}</arg>
</arguments>
<status status="PASS" starttime="20200417 00:53:16.020" endtime="20200417 00:53:16.550"></status>
</kw>
<status status="PASS" starttime="20200417 00:53:14.436" endtime="20200417 00:53:16.550"></status>
</kw>
<kw name="Check Login" library="Keywords_Global">
<kw name="Click Link" library="SeleniumLibrary">
<doc>Clicks a link identified by ``locator``.</doc>
<arguments>
<arg>${My Account}</arg>
</arguments>
<msg timestamp="20200417 00:53:16.554" level="INFO">Clicking link 'link:My Account'.</msg>
<status status="PASS" starttime="20200417 00:53:16.553" endtime="20200417 00:53:17.591"></status>
</kw>
<kw name="Get Element Count" library="SeleniumLibrary">
<doc>Returns the number of elements matching ``locator``.</doc>
<arguments>
<arg>${Login}</arg>
</arguments>
<assign>
<var>${count}</var>
</assign>
<msg timestamp="20200417 00:53:17.902" level="INFO">${count} = 1</msg>
<status status="PASS" starttime="20200417 00:53:17.592" endtime="20200417 00:53:17.902"></status>
</kw>
<kw name="Run Keyword If" library="BuiltIn">
<doc>Runs the given keyword with the given arguments, if ``condition`` is true.</doc>
<arguments>
<arg>${count}==0</arg>
<arg>Log Out</arg>
<arg>ELSE</arg>
<arg>Click Link</arg>
<arg>${My Account}</arg>
</arguments>
<kw name="Click Link" library="SeleniumLibrary">
<doc>Clicks a link identified by ``locator``.</doc>
<arguments>
<arg>${My Account}</arg>
</arguments>
<msg timestamp="20200417 00:53:17.905" level="INFO">Clicking link 'link:My Account'.</msg>
<status status="PASS" starttime="20200417 00:53:17.904" endtime="20200417 00:53:18.921"></status>
</kw>
<status status="PASS" starttime="20200417 00:53:17.903" endtime="20200417 00:53:18.921"></status>
</kw>
<status status="PASS" starttime="20200417 00:53:16.552" endtime="20200417 00:53:18.922"></status>
</kw>
<kw name="Log In" library="Keywords_Global">
<kw name="Click Link" library="SeleniumLibrary">
<doc>Clicks a link identified by ``locator``.</doc>
<arguments>
<arg>${My Account}</arg>
</arguments>
<msg timestamp="20200417 00:53:18.925" level="INFO">Clicking link 'link:My Account'.</msg>
<status status="PASS" starttime="20200417 00:53:18.924" endtime="20200417 00:53:19.941"></status>
</kw>
<kw name="Click Link" library="SeleniumLibrary">
<doc>Clicks a link identified by ``locator``.</doc>
<arguments>
<arg>${Login}</arg>
</arguments>
<msg timestamp="20200417 00:53:19.942" level="INFO">Clicking link 'link:Login'.</msg>
<status status="PASS" starttime="20200417 00:53:19.941" endtime="20200417 00:53:21.972"></status>
</kw>
<kw name="Wait Until Element Is Visible" library="SeleniumLibrary">
<doc>Waits until the element ``locator`` is visible.</doc>
<arguments>
<arg>${Reg_Input_Email}</arg>
</arguments>
<status status="PASS" starttime="20200417 00:53:21.972" endtime="20200417 00:53:22.429"></status>
</kw>
<kw name="Input Text" library="SeleniumLibrary">
<doc>Types the given ``text`` into the text field identified by ``locator``.</doc>
<arguments>
<arg>${Reg_Input_Email}</arg>
<arg>${Email}</arg>
</arguments>
<msg timestamp="20200417 00:53:22.430" level="INFO">Typing text 'joxdal@chipote.com' into text field 'xpath://*[@id="input-email"]'.</msg>
<status status="PASS" starttime="20200417 00:53:22.429" endtime="20200417 00:53:23.391"></status>
</kw>
<kw name="Input Text" library="SeleniumLibrary">
<doc>Types the given ``text`` into the text field identified by ``locator``.</doc>
<arguments>
<arg>${Reg_Input_password}</arg>
<arg>${Password}</arg>
</arguments>
<msg timestamp="20200417 00:53:23.393" level="INFO">Typing text 'Siganmelosbuenos' into text field 'xpath://*[@id="input-password"]'.</msg>
<status status="PASS" starttime="20200417 00:53:23.392" endtime="20200417 00:53:24.351"></status>
</kw>
<kw name="Click Element" library="SeleniumLibrary">
<doc>Click the element identified by ``locator``.</doc>
<arguments>
<arg>${Login_Btn}</arg>
</arguments>
<msg timestamp="20200417 00:53:24.352" level="INFO">Clicking element 'xpath://*[@id="content"]/div/div[2]/div/form/input'.</msg>
<status status="PASS" starttime="20200417 00:53:24.351" endtime="20200417 00:53:27.020"></status>
</kw>
<status status="PASS" starttime="20200417 00:53:18.923" endtime="20200417 00:53:27.020"></status>
</kw>
<kw name="Verificar login" library="Keywords_Global">
<kw name="Element Should Contain" library="SeleniumLibrary">
<doc>Verifies that element ``locator`` contains text ``expected``.</doc>
<arguments>
<arg>${pagina confirmacion_2}</arg>
<arg>${msj confirmacion_2}</arg>
</arguments>
<msg timestamp="20200417 00:53:27.482" level="INFO">Element 'xpath://*[@id="content"]/h2[1]' contains text 'My Account'.</msg>
<status status="PASS" starttime="20200417 00:53:27.022" endtime="20200417 00:53:27.482"></status>
</kw>
<status status="PASS" starttime="20200417 00:53:27.021" endtime="20200417 00:53:27.483"></status>
</kw>
<kw name="Log Out" library="Keywords_Global">
<kw name="Click Link" library="SeleniumLibrary">
<doc>Clicks a link identified by ``locator``.</doc>
<arguments>
<arg>${My Account}</arg>
</arguments>
<msg timestamp="20200417 00:53:27.485" level="INFO">Clicking link 'link:My Account'.</msg>
<status status="PASS" starttime="20200417 00:53:27.484" endtime="20200417 00:53:28.783"></status>
</kw>
<kw name="Click Link" library="SeleniumLibrary">
<doc>Clicks a link identified by ``locator``.</doc>
<arguments>
<arg>${Logout}</arg>
</arguments>
<msg timestamp="20200417 00:53:28.784" level="INFO">Clicking link 'link:Logout'.</msg>
<status status="PASS" starttime="20200417 00:53:28.783" endtime="20200417 00:53:32.988"></status>
</kw>
<status status="PASS" starttime="20200417 00:53:27.484" endtime="20200417 00:53:32.988"></status>
</kw>
<tags>
<tag>Login</tag>
</tags>
<status status="PASS" starttime="20200417 00:53:14.418" endtime="20200417 00:53:32.990" critical="yes"></status>
</test>
<test id="s1-t3" name="User purchase">
<kw name="Go To Homepage" library="Keywords_Global">
<kw name="Go To" library="SeleniumLibrary">
<doc>Navigates the current browser window to the provided ``url``.</doc>
<arguments>
<arg>${homepage}</arg>
</arguments>
<msg timestamp="20200417 00:53:33.003" level="INFO">Opening url 'https://demo.opencart.com/'</msg>
<status status="PASS" starttime="20200417 00:53:33.001" endtime="20200417 00:53:34.512"></status>
</kw>
<kw name="Wait Until Element Is Visible" library="SeleniumLibrary">
<doc>Waits until the element ``locator`` is visible.</doc>
<arguments>
<arg>${Logo Homepage}</arg>
</arguments>
<status status="PASS" starttime="20200417 00:53:34.513" endtime="20200417 00:53:35.072"></status>
</kw>
<status status="PASS" starttime="20200417 00:53:32.999" endtime="20200417 00:53:35.072"></status>
</kw>
<kw name="Check Login" library="Keywords_Global">
<kw name="Click Link" library="SeleniumLibrary">
<doc>Clicks a link identified by ``locator``.</doc>
<arguments>
<arg>${My Account}</arg>
</arguments>
<msg timestamp="20200417 00:53:35.076" level="INFO">Clicking link 'link:My Account'.</msg>
<status status="PASS" starttime="20200417 00:53:35.075" endtime="20200417 00:53:36.124"></status>
</kw>
<kw name="Get Element Count" library="SeleniumLibrary">
<doc>Returns the number of elements matching ``locator``.</doc>
<arguments>
<arg>${Login}</arg>
</arguments>
<assign>
<var>${count}</var>
</assign>
<msg timestamp="20200417 00:53:36.430" level="INFO">${count} = 1</msg>
<status status="PASS" starttime="20200417 00:53:36.124" endtime="20200417 00:53:36.431"></status>
</kw>
<kw name="Run Keyword If" library="BuiltIn">
<doc>Runs the given keyword with the given arguments, if ``condition`` is true.</doc>
<arguments>
<arg>${count}==0</arg>
<arg>Log Out</arg>
<arg>ELSE</arg>
<arg>Click Link</arg>
<arg>${My Account}</arg>
</arguments>
<kw name="Click Link" library="SeleniumLibrary">
<doc>Clicks a link identified by ``locator``.</doc>
<arguments>
<arg>${My Account}</arg>
</arguments>
<msg timestamp="20200417 00:53:36.435" level="INFO">Clicking link 'link:My Account'.</msg>
<status status="PASS" starttime="20200417 00:53:36.434" endtime="20200417 00:53:37.416"></status>
</kw>
<status status="PASS" starttime="20200417 00:53:36.432" endtime="20200417 00:53:37.416"></status>
</kw>
<status status="PASS" starttime="20200417 00:53:35.074" endtime="20200417 00:53:37.417"></status>
</kw>
<kw name="Log In" library="Keywords_Global">
<kw name="Click Link" library="SeleniumLibrary">
<doc>Clicks a link identified by ``locator``.</doc>
<arguments>
<arg>${My Account}</arg>
</arguments>
<msg timestamp="20200417 00:53:37.421" level="INFO">Clicking link 'link:My Account'.</msg>
<status status="PASS" starttime="20200417 00:53:37.419" endtime="20200417 00:53:38.430"></status>
</kw>
<kw name="Click Link" library="SeleniumLibrary">
<doc>Clicks a link identified by ``locator``.</doc>
<arguments>
<arg>${Login}</arg>
</arguments>
<msg timestamp="20200417 00:53:38.431" level="INFO">Clicking link 'link:Login'.</msg>
<status status="PASS" starttime="20200417 00:53:38.430" endtime="20200417 00:53:40.434"></status>
</kw>
<kw name="Wait Until Element Is Visible" library="SeleniumLibrary">
<doc>Waits until the element ``locator`` is visible.</doc>
<arguments>
<arg>${Reg_Input_Email}</arg>
</arguments>
<status status="PASS" starttime="20200417 00:53:40.434" endtime="20200417 00:53:40.923"></status>
</kw>
<kw name="Input Text" library="SeleniumLibrary">
<doc>Types the given ``text`` into the text field identified by ``locator``.</doc>
<arguments>
<arg>${Reg_Input_Email}</arg>
<arg>${Email}</arg>
</arguments>
<msg timestamp="20200417 00:53:40.924" level="INFO">Typing text 'joxdal@chipote.com' into text field 'xpath://*[@id="input-email"]'.</msg>
<status status="PASS" starttime="20200417 00:53:40.923" endtime="20200417 00:53:41.857"></status>
</kw>
<kw name="Input Text" library="SeleniumLibrary">
<doc>Types the given ``text`` into the text field identified by ``locator``.</doc>
<arguments>
<arg>${Reg_Input_password}</arg>
<arg>${Password}</arg>
</arguments>
<msg timestamp="20200417 00:53:41.858" level="INFO">Typing text 'Siganmelosbuenos' into text field 'xpath://*[@id="input-password"]'.</msg>
<status status="PASS" starttime="20200417 00:53:41.857" endtime="20200417 00:53:42.821"></status>
</kw>
<kw name="Click Element" library="SeleniumLibrary">
<doc>Click the element identified by ``locator``.</doc>
<arguments>
<arg>${Login_Btn}</arg>
</arguments>
<msg timestamp="20200417 00:53:42.822" level="INFO">Clicking element 'xpath://*[@id="content"]/div/div[2]/div/form/input'.</msg>
<status status="PASS" starttime="20200417 00:53:42.821" endtime="20200417 00:53:45.487"></status>
</kw>
<status status="PASS" starttime="20200417 00:53:37.418" endtime="20200417 00:53:45.487"></status>
</kw>
<kw name="Verificar login" library="Keywords_Global">
<kw name="Element Should Contain" library="SeleniumLibrary">
<doc>Verifies that element ``locator`` contains text ``expected``.</doc>
<arguments>
<arg>${pagina confirmacion_2}</arg>
<arg>${msj confirmacion_2}</arg>
</arguments>
<msg timestamp="20200417 00:53:45.952" level="INFO">Element 'xpath://*[@id="content"]/h2[1]' contains text 'My Account'.</msg>
<status status="PASS" starttime="20200417 00:53:45.489" endtime="20200417 00:53:45.952"></status>
</kw>
<status status="PASS" starttime="20200417 00:53:45.488" endtime="20200417 00:53:45.952"></status>
</kw>
<kw name="Go To Homepage" library="Keywords_Global">
<kw name="Go To" library="SeleniumLibrary">
<doc>Navigates the current browser window to the provided ``url``.</doc>
<arguments>
<arg>${homepage}</arg>
</arguments>
<msg timestamp="20200417 00:53:45.954" level="INFO">Opening url 'https://demo.opencart.com/'</msg>
<status status="PASS" starttime="20200417 00:53:45.954" endtime="20200417 00:53:47.880"></status>
</kw>
<kw name="Wait Until Element Is Visible" library="SeleniumLibrary">
<doc>Waits until the element ``locator`` is visible.</doc>
<arguments>
<arg>${Logo Homepage}</arg>
</arguments>
<status status="PASS" starttime="20200417 00:53:47.881" endtime="20200417 00:53:48.458"></status>
</kw>
<status status="PASS" starttime="20200417 00:53:45.953" endtime="20200417 00:53:48.458"></status>
</kw>
<kw name="Select article" library="Keywords_Global">
<kw name="Mouse Over" library="SeleniumLibrary">
<doc>Simulates hovering the mouse over the element ``locator``.</doc>
<arguments>
<arg>${Lista_articulos}</arg>
</arguments>
<msg timestamp="20200417 00:53:48.462" level="INFO">Simulating Mouse Over on element 'link:Laptops &amp; Notebooks'.</msg>
<status status="PASS" starttime="20200417 00:53:48.461" endtime="20200417 00:53:49.264"></status>
</kw>
<kw name="Click Element" library="SeleniumLibrary">
<doc>Click the element identified by ``locator``.</doc>
<arguments>
<arg>${gral_Laptops}</arg>
</arguments>
<msg timestamp="20200417 00:53:49.265" level="INFO">Clicking element 'link:Show All Laptops &amp; Notebooks'.</msg>
<status status="PASS" starttime="20200417 00:53:49.265" endtime="20200417 00:53:51.856"></status>
</kw>
<kw name="Wait Until Element Is Visible" library="SeleniumLibrary">
<doc>Waits until the element ``locator`` is visible.</doc>
<arguments>
<arg>${Logo Homepage}</arg>
</arguments>
<status status="PASS" starttime="20200417 00:53:51.856" endtime="20200417 00:53:52.427"></status>
</kw>
<kw name="Click Element" library="SeleniumLibrary">
<doc>Click the element identified by ``locator``.</doc>
<arguments>
<arg>${Articulo_1}</arg>
</arguments>
<msg timestamp="20200417 00:53:52.428" level="INFO">Clicking element 'link:HP LP3065'.</msg>
<status status="PASS" starttime="20200417 00:53:52.427" endtime="20200417 00:53:56.510"></status>
</kw>
<kw name="Wait Until Element Is Visible" library="SeleniumLibrary">
<doc>Waits until the element ``locator`` is visible.</doc>
<arguments>
<arg>${Logo Homepage}</arg>
</arguments>
<status status="PASS" starttime="20200417 00:53:56.510" endtime="20200417 00:53:57.051"></status>
</kw>
<kw name="Get Text" library="SeleniumLibrary">
<doc>Returns the text value of the element identified by ``locator``.</doc>
<arguments>
<arg>${titulo_articulo}</arg>
</arguments>
<assign>
<var>${texto}</var>
</assign>
<msg timestamp="20200417 00:53:57.794" level="INFO">${texto} = HP LP3065</msg>
<status status="PASS" starttime="20200417 00:53:57.051" endtime="20200417 00:53:57.794"></status>
</kw>
<kw name="Clear Element Text" library="SeleniumLibrary">
<doc>Clears the value of the text-input-element identified by ``locator``.</doc>
<arguments>
<arg>${box_cant_art}</arg>
</arguments>
<status status="PASS" starttime="20200417 00:53:57.794" endtime="20200417 00:53:58.391"></status>
</kw>
<kw name="Input Text" library="SeleniumLibrary">
<doc>Types the given ``text`` into the text field identified by ``locator``.</doc>
<arguments>
<arg>${box_cant_art}</arg>
<arg>2</arg>
</arguments>
<msg timestamp="20200417 00:53:58.393" level="INFO">Typing text '2' into text field 'xpath://*[@id="input-quantity"]'.</msg>
<status status="PASS" starttime="20200417 00:53:58.392" endtime="20200417 00:53:59.197"></status>
</kw>
<kw name="Click Element" library="SeleniumLibrary">
<doc>Click the element identified by ``locator``.</doc>
<arguments>
<arg>${btn_add_art}</arg>
</arguments>
<msg timestamp="20200417 00:53:59.198" level="INFO">Clicking element 'xpath://*[@id="button-cart"]'.</msg>
<status status="PASS" starttime="20200417 00:53:59.197" endtime="20200417 00:53:59.768"></status>
</kw>
<kw name="Click Element" library="SeleniumLibrary">
<doc>Click the element identified by ``locator``.</doc>
<arguments>
<arg>${Btn_Shop_Cart}</arg>
</arguments>
<msg timestamp="20200417 00:53:59.770" level="INFO">Clicking element 'link:Shopping Cart'.</msg>
<status status="PASS" starttime="20200417 00:53:59.769" endtime="20200417 00:54:01.956"></status>
</kw>
<kw name="Set Global Variable" library="BuiltIn">
<doc>Makes a variable available globally in all tests and suites.</doc>
<arguments>
<arg>${texto}</arg>
</arguments>
<msg timestamp="20200417 00:54:01.959" level="INFO">${texto} = HP LP3065</msg>
<status status="PASS" starttime="20200417 00:54:01.957" endtime="20200417 00:54:01.959"></status>
</kw>
<status status="PASS" starttime="20200417 00:53:48.460" endtime="20200417 00:54:01.960"></status>
</kw>
<kw name="Verificar articulo en carrito" library="Keywords_Global">
<kw name="Wait Until Element Is Visible" library="SeleniumLibrary">
<doc>Waits until the element ``locator`` is visible.</doc>
<arguments>
<arg>${box_cant_carrito}</arg>
</arguments>
<status status="PASS" starttime="20200417 00:54:01.963" endtime="20200417 00:54:02.446"></status>
</kw>
<kw name="Element Should Contain" library="SeleniumLibrary">
<doc>Verifies that element ``locator`` contains text ``expected``.</doc>
<arguments>
<arg>${Articulo_1}</arg>
<arg>${texto}</arg>
</arguments>
<msg timestamp="20200417 00:54:03.012" level="INFO">Element 'link:HP LP3065' contains text 'HP LP3065'.</msg>
<status status="PASS" starttime="20200417 00:54:02.447" endtime="20200417 00:54:03.012"></status>
</kw>
<status status="PASS" starttime="20200417 00:54:01.961" endtime="20200417 00:54:03.013"></status>
</kw>
<kw name="Cambiar cantidad en carrito" library="Keywords_Global">
<kw name="Clear Element Text" library="SeleniumLibrary">
<doc>Clears the value of the text-input-element identified by ``locator``.</doc>
<arguments>
<arg>${box_cant_carrito}</arg>
</arguments>
<status status="PASS" starttime="20200417 00:54:03.015" endtime="20200417 00:54:03.535"></status>
</kw>
<kw name="Input Text" library="SeleniumLibrary">
<doc>Types the given ``text`` into the text field identified by ``locator``.</doc>
<arguments>
<arg>${box_cant_carrito}</arg>
<arg>1</arg>
</arguments>
<msg timestamp="20200417 00:54:03.536" level="INFO">Typing text '1' into text field 'xpath://*[@id="content"]/form/div/table/tbody/tr/td[4]/div/input'.</msg>
<status status="PASS" starttime="20200417 00:54:03.535" endtime="20200417 00:54:04.342"></status>
</kw>
<kw name="Click Element" library="SeleniumLibrary">
<doc>Click the element identified by ``locator``.</doc>
<arguments>
<arg>${btn_refresh_carrito}</arg>
</arguments>
<msg timestamp="20200417 00:54:04.343" level="INFO">Clicking element 'xpath://*[@id="content"]/form/div/table/tbody/tr/td[4]/div/span/button[1]'.</msg>
<status status="PASS" starttime="20200417 00:54:04.342" endtime="20200417 00:54:08.456"></status>
</kw>
<kw name="Sleep" library="BuiltIn">
<doc>Pauses the test executed for the given time.</doc>
<arguments>
<arg>2.0</arg>
</arguments>
<msg timestamp="20200417 00:54:10.460" level="INFO">Slept 2 seconds</msg>
<status status="PASS" starttime="20200417 00:54:08.457" endtime="20200417 00:54:10.460"></status>
</kw>
<kw name="Textfield Value Should Be" library="SeleniumLibrary">
<doc>Verifies text field ``locator`` has exactly text ``expected``.</doc>
<arguments>
<arg>${box_cant_carrito}</arg>
<arg>1</arg>
</arguments>
<msg timestamp="20200417 00:54:11.357" level="INFO">Content of text field 'xpath://*[@id="content"]/form/div/table/tbody/tr/td[4]/div/input' is '1'.</msg>
<status status="PASS" starttime="20200417 00:54:10.461" endtime="20200417 00:54:11.357"></status>
</kw>
<status status="PASS" starttime="20200417 00:54:03.014" endtime="20200417 00:54:11.358"></status>
</kw>
<kw name="Estimate Shipping &amp; Taxes" library="Keywords_Global">
<kw name="Click Element" library="SeleniumLibrary">
<doc>Click the element identified by ``locator``.</doc>
<arguments>
<arg>${acordion_shipping}</arg>
</arguments>
<msg timestamp="20200417 00:54:11.361" level="INFO">Clicking element 'xpath://*[@id="accordion"]/div[2]/div[1]/h4/a'.</msg>
<status status="PASS" starttime="20200417 00:54:11.360" endtime="20200417 00:54:11.934"></status>
</kw>
<kw name="Select From List By Label" library="SeleniumLibrary">
<doc>Selects options from selection list ``locator`` by ``labels``.</doc>
<arguments>
<arg>${lista_country}</arg>
<arg>${Country}</arg>
</arguments>
<msg timestamp="20200417 00:54:11.936" level="INFO">Selecting options from selection list 'xpath://*[@id="input-country"]' by label Argentina.</msg>
<status status="PASS" starttime="20200417 00:54:11.935" endtime="20200417 00:54:13.610"></status>
</kw>
<kw name="Sleep" library="BuiltIn">
<doc>Pauses the test executed for the given time.</doc>
<arguments>
<arg>2.0</arg>
</arguments>
<msg timestamp="20200417 00:54:15.613" level="INFO">Slept 2 seconds</msg>
<status status="PASS" starttime="20200417 00:54:13.610" endtime="20200417 00:54:15.613"></status>
</kw>
<kw name="Select From List By Label" library="SeleniumLibrary">
<doc>Selects options from selection list ``locator`` by ``labels``.</doc>
<arguments>
<arg>${lista_zone}</arg>
<arg>${State}</arg>
</arguments>
<msg timestamp="20200417 00:54:15.614" level="INFO">Selecting options from selection list 'xpath://*[@id="input-zone"]' by label Mendoza.</msg>
<status status="PASS" starttime="20200417 00:54:15.614" endtime="20200417 00:54:17.258"></status>
</kw>
<kw name="Input Text" library="SeleniumLibrary">
<doc>Types the given ``text`` into the text field identified by ``locator``.</doc>
<arguments>
<arg>${input_CP}</arg>
<arg>${CP}</arg>
</arguments>
<msg timestamp="20200417 00:54:17.259" level="INFO">Typing text '5501' into text field 'xpath://*[@id="input-postcode"]'.</msg>
<status status="PASS" starttime="20200417 00:54:17.258" endtime="20200417 00:54:18.138"></status>
</kw>
<kw name="Click Element" library="SeleniumLibrary">
<doc>Click the element identified by ``locator``.</doc>
<arguments>
<arg>${btn_get quote}</arg>
</arguments>
<msg timestamp="20200417 00:54:18.140" level="INFO">Clicking element 'xpath://*[@id="button-quote"]'.</msg>
<status status="PASS" starttime="20200417 00:54:18.139" endtime="20200417 00:54:18.695"></status>
</kw>
<kw name="Sleep" library="BuiltIn">
<doc>Pauses the test executed for the given time.</doc>
<arguments>
<arg>5.0</arg>
</arguments>
<msg timestamp="20200417 00:54:23.698" level="INFO">Slept 5 seconds</msg>
<status status="PASS" starttime="20200417 00:54:18.695" endtime="20200417 00:54:23.698"></status>
</kw>
<kw name="Select Radio Button" library="SeleniumLibrary">
<doc>Sets the radio button group ``group_name`` to ``value``.</doc>
<arguments>
<arg>${Radio_Btn_shipping_method}</arg>
<arg>${Radio_Btn_shipping_select}</arg>
</arguments>
<msg timestamp="20200417 00:54:23.699" level="INFO">Selecting 'flat.flat' from radio button 'shipping_method'.</msg>
<status status="PASS" starttime="20200417 00:54:23.698" endtime="20200417 00:54:24.429"></status>
</kw>
<kw name="Click Element" library="SeleniumLibrary">
<doc>Click the element identified by ``locator``.</doc>
<arguments>
<arg>${btn_apply shipping}</arg>
</arguments>
<msg timestamp="20200417 00:54:24.430" level="INFO">Clicking element 'xpath://*[@id="button-shipping"]'.</msg>
<status status="PASS" starttime="20200417 00:54:24.429" endtime="20200417 00:54:24.982"></status>
</kw>
<kw name="Sleep" library="BuiltIn">
<doc>Pauses the test executed for the given time.</doc>
<arguments>
<arg>5.0</arg>
</arguments>
<msg timestamp="20200417 00:54:29.983" level="INFO">Slept 5 seconds</msg>
<status status="PASS" starttime="20200417 00:54:24.982" endtime="20200417 00:54:29.983"></status>
</kw>
<kw name="Click Link" library="SeleniumLibrary">
<doc>Clicks a link identified by ``locator``.</doc>
<arguments>
<arg>${btn_checkout}</arg>
</arguments>
<msg timestamp="20200417 00:54:29.984" level="INFO">Clicking link 'link:Checkout'.</msg>
<status status="PASS" starttime="20200417 00:54:29.983" endtime="20200417 00:54:32.545"></status>
</kw>
<status status="PASS" starttime="20200417 00:54:11.359" endtime="20200417 00:54:32.546"></status>
</kw>
<kw name="Revisar direccion" library="Keywords_Global">
<kw name="Sleep" library="BuiltIn">
<doc>Pauses the test executed for the given time.</doc>
<arguments>
<arg>3.0</arg>
</arguments>
<msg timestamp="20200417 00:54:35.553" level="INFO">Slept 3 seconds</msg>
<status status="PASS" starttime="20200417 00:54:32.551" endtime="20200417 00:54:35.553"></status>
</kw>
<kw name="Get Element Count" library="SeleniumLibrary">
<doc>Returns the number of elements matching ``locator``.</doc>
<arguments>
<arg>payment_address</arg>
</arguments>
<assign>
<var>${radio}</var>
</assign>
<msg timestamp="20200417 00:54:35.779" level="INFO">${radio} = 0</msg>
<status status="PASS" starttime="20200417 00:54:35.553" endtime="20200417 00:54:35.779"></status>
</kw>
<kw name="Run Keyword If" library="BuiltIn">
<doc>Runs the given keyword with the given arguments, if ``condition`` is true.</doc>
<arguments>
<arg>${radio}&gt;0</arg>
<arg>Select Radio Button</arg>
<arg>payment_address</arg>
<arg>new</arg>
</arguments>
<status status="PASS" starttime="20200417 00:54:35.779" endtime="20200417 00:54:35.780"></status>
</kw>
<status status="PASS" starttime="20200417 00:54:32.548" endtime="20200417 00:54:35.780"></status>
</kw>
<kw name="Checkout" library="Keywords_Global">
<kw name="Wait Until Element Is Visible" library="SeleniumLibrary">
<doc>Waits until the element ``locator`` is visible.</doc>
<arguments>
<arg>${Payment_Input_FstName}</arg>
</arguments>
<status status="PASS" starttime="20200417 00:54:35.782" endtime="20200417 00:54:36.236"></status>
</kw>
<kw name="Input Text" library="SeleniumLibrary">
<doc>Types the given ``text`` into the text field identified by ``locator``.</doc>
<arguments>
<arg>${Payment_Input_FstName}</arg>
<arg>${First Name}</arg>
</arguments>
<msg timestamp="20200417 00:54:36.237" level="INFO">Typing text 'Chapulin' into text field 'xpath://*[@id="input-payment-firstname"]'.</msg>
<status status="PASS" starttime="20200417 00:54:36.237" endtime="20200417 00:54:37.172"></status>
</kw>
<kw name="Input Text" library="SeleniumLibrary">
<doc>Types the given ``text`` into the text field identified by ``locator``.</doc>
<arguments>
<arg>${Payment_Input_LastName}</arg>
<arg>${Last Name}</arg>
</arguments>
<msg timestamp="20200417 00:54:37.173" level="INFO">Typing text 'Colorado' into text field 'xpath://*[@id="input-payment-lastname"]'.</msg>
<status status="PASS" starttime="20200417 00:54:37.172" endtime="20200417 00:54:38.082"></status>
</kw>
<kw name="Input Text" library="SeleniumLibrary">
<doc>Types the given ``text`` into the text field identified by ``locator``.</doc>
<arguments>
<arg>${Payment_Input_Address-1}</arg>
<arg>${Adress 1}</arg>
</arguments>
<msg timestamp="20200417 00:54:38.083" level="INFO">Typing text 'La vecindad' into text field 'xpath://*[@id="input-payment-address-1"]'.</msg>
<status status="PASS" starttime="20200417 00:54:38.082" endtime="20200417 00:54:39.109"></status>
</kw>
<kw name="Input Text" library="SeleniumLibrary">
<doc>Types the given ``text`` into the text field identified by ``locator``.</doc>
<arguments>
<arg>${Payment_Input_City}</arg>
<arg>${City}</arg>
</arguments>
<msg timestamp="20200417 00:54:39.110" level="INFO">Typing text 'California' into text field 'xpath://*[@id="input-payment-city"]'.</msg>
<status status="PASS" starttime="20200417 00:54:39.109" endtime="20200417 00:54:40.090"></status>
</kw>
<kw name="Input Text" library="SeleniumLibrary">
<doc>Types the given ``text`` into the text field identified by ``locator``.</doc>
<arguments>
<arg>${Payment_Input_CP}</arg>
<arg>${CP}</arg>
</arguments>
<msg timestamp="20200417 00:54:40.092" level="INFO">Typing text '5501' into text field 'xpath://*[@id="input-payment-postcode"]'.</msg>
<status status="PASS" starttime="20200417 00:54:40.091" endtime="20200417 00:54:40.938"></status>
</kw>
<kw name="Select From List By Label" library="SeleniumLibrary">
<doc>Selects options from selection list ``locator`` by ``labels``.</doc>
<arguments>
<arg>${Payment_Input_Country}</arg>
<arg>${Country}</arg>
</arguments>
<msg timestamp="20200417 00:54:40.939" level="INFO">Selecting options from selection list 'xpath://*[@id="input-payment-country"]' by label Argentina.</msg>
<status status="PASS" starttime="20200417 00:54:40.938" endtime="20200417 00:54:42.604"></status>
</kw>
<kw name="Sleep" library="BuiltIn">
<doc>Pauses the test executed for the given time.</doc>
<arguments>
<arg>2.0</arg>
</arguments>
<msg timestamp="20200417 00:54:44.607" level="INFO">Slept 2 seconds</msg>
<status status="PASS" starttime="20200417 00:54:42.604" endtime="20200417 00:54:44.607"></status>
</kw>
<kw name="Click Element" library="SeleniumLibrary">
<doc>Click the element identified by ``locator``.</doc>
<arguments>
<arg>${Payment_Input_Zone}</arg>
</arguments>
<msg timestamp="20200417 00:54:44.607" level="INFO">Clicking element 'xpath://*[@id="input-payment-zone"]'.</msg>
<status status="PASS" starttime="20200417 00:54:44.607" endtime="20200417 00:54:45.237"></status>
</kw>
<kw name="Select From List By Label" library="SeleniumLibrary">
<doc>Selects options from selection list ``locator`` by ``labels``.</doc>
<arguments>
<arg>${Payment_Input_Zone}</arg>
<arg>${State}</arg>
</arguments>
<msg timestamp="20200417 00:54:45.238" level="INFO">Selecting options from selection list 'xpath://*[@id="input-payment-zone"]' by label Mendoza.</msg>
<status status="PASS" starttime="20200417 00:54:45.237" endtime="20200417 00:54:46.895"></status>
</kw>
<kw name="Click Element" library="SeleniumLibrary">
<doc>Click the element identified by ``locator``.</doc>
<arguments>
<arg>${btn_payment_continue}</arg>
</arguments>
<msg timestamp="20200417 00:54:46.896" level="INFO">Clicking element 'xpath://*[@id="button-payment-address"]'.</msg>
<status status="PASS" starttime="20200417 00:54:46.896" endtime="20200417 00:54:47.483"></status>
</kw>
<kw name="Sleep" library="BuiltIn">
<doc>Pauses the test executed for the given time.</doc>
<arguments>
<arg>5.0</arg>
</arguments>
<msg timestamp="20200417 00:54:52.486" level="INFO">Slept 5 seconds</msg>
<status status="PASS" starttime="20200417 00:54:47.483" endtime="20200417 00:54:52.486"></status>
</kw>
<kw name="Select Radio Button" library="SeleniumLibrary">
<doc>Sets the radio button group ``group_name`` to ``value``.</doc>
<arguments>
<arg>${Radio_Btn_shipping_address}</arg>
<arg>${Radio_Btn_shipping_address_sel}</arg>
</arguments>
<msg timestamp="20200417 00:54:52.488" level="INFO">Selecting 'existing' from radio button 'shipping_address'.</msg>
<status status="PASS" starttime="20200417 00:54:52.487" endtime="20200417 00:54:52.952"></status>
</kw>
<kw name="Click Element" library="SeleniumLibrary">
<doc>Click the element identified by ``locator``.</doc>
<arguments>
<arg>${btn_shipping_continue}</arg>
</arguments>
<msg timestamp="20200417 00:54:52.953" level="INFO">Clicking element 'xpath://*[@id="button-shipping-address"]'.</msg>
<status status="PASS" starttime="20200417 00:54:52.952" endtime="20200417 00:54:53.490"></status>
</kw>
<kw name="Sleep" library="BuiltIn">
<doc>Pauses the test executed for the given time.</doc>
<arguments>
<arg>3.0</arg>
</arguments>
<msg timestamp="20200417 00:54:56.492" level="INFO">Slept 3 seconds</msg>
<status status="PASS" starttime="20200417 00:54:53.490" endtime="20200417 00:54:56.492"></status>
</kw>
<kw name="Input Text" library="SeleniumLibrary">
<doc>Types the given ``text`` into the text field identified by ``locator``.</doc>
<arguments>
<arg>${Textarea_shipping_Method}</arg>
<arg>${Email}</arg>
</arguments>
<msg timestamp="20200417 00:54:56.493" level="INFO">Typing text 'joxdal@chipote.com' into text field 'xpath://*[@id="collapse-shipping-method"]/div/p[4]/textarea'.</msg>
<status status="PASS" starttime="20200417 00:54:56.493" endtime="20200417 00:54:57.531"></status>
</kw>
<kw name="Click Element" library="SeleniumLibrary">
<doc>Click the element identified by ``locator``.</doc>
<arguments>
<arg>${btn_ship_Method_continue}</arg>
</arguments>
<msg timestamp="20200417 00:54:57.532" level="INFO">Clicking element 'xpath://*[@id="button-shipping-method"]'.</msg>
<status status="PASS" starttime="20200417 00:54:57.532" endtime="20200417 00:54:58.052"></status>
</kw>
<kw name="Sleep" library="BuiltIn">
<doc>Pauses the test executed for the given time.</doc>
<arguments>
<arg>3.0</arg>
</arguments>
<msg timestamp="20200417 00:55:01.055" level="INFO">Slept 3 seconds</msg>
<status status="PASS" starttime="20200417 00:54:58.053" endtime="20200417 00:55:01.055"></status>
</kw>
<kw name="Select Checkbox" library="SeleniumLibrary">
<doc>Selects the checkbox identified by ``locator``.</doc>
<arguments>
<arg>${Accept Terms_2}</arg>
</arguments>
<msg timestamp="20200417 00:55:01.055" level="INFO">Selecting checkbox 'xpath://*[@id="collapse-payment-method"]/div/div[2]/div/input[1]'.</msg>
<status status="PASS" starttime="20200417 00:55:01.055" endtime="20200417 00:55:02.288"></status>
</kw>
<kw name="Click Element" library="SeleniumLibrary">
<doc>Click the element identified by ``locator``.</doc>
<arguments>
<arg>${btn_Pay_Method_continue}</arg>
</arguments>
<msg timestamp="20200417 00:55:02.290" level="INFO">Clicking element 'xpath://*[@id="button-payment-method"]'.</msg>
<status status="PASS" starttime="20200417 00:55:02.289" endtime="20200417 00:55:02.860"></status>
</kw>
<kw name="Sleep" library="BuiltIn">
<doc>Pauses the test executed for the given time.</doc>
<arguments>
<arg>5.0</arg>
</arguments>
<msg timestamp="20200417 00:55:07.863" level="INFO">Slept 5 seconds</msg>
<status status="PASS" starttime="20200417 00:55:02.860" endtime="20200417 00:55:07.863"></status>
</kw>
<kw name="Click Element" library="SeleniumLibrary">
<doc>Click the element identified by ``locator``.</doc>
<arguments>
<arg>${btn_confirm_order}</arg>
</arguments>
<msg timestamp="20200417 00:55:07.864" level="INFO">Clicking element 'xpath://*[@id="button-confirm"]'.</msg>
<status status="PASS" starttime="20200417 00:55:07.864" endtime="20200417 00:55:08.442"></status>
</kw>
<status status="PASS" starttime="20200417 00:54:35.781" endtime="20200417 00:55:08.442"></status>
</kw>
<kw name="Confirmar compra" library="Keywords_Global">
<kw name="Wait Until Element Is Visible" library="SeleniumLibrary">
<doc>Waits until the element ``locator`` is visible.</doc>
<arguments>
<arg>${pagina confirmacion_3}</arg>
</arguments>
<status status="PASS" starttime="20200417 00:55:08.444" endtime="20200417 00:55:08.907"></status>
</kw>
<kw name="Sleep" library="BuiltIn">
<doc>Pauses the test executed for the given time.</doc>
<arguments>
<arg>3.0</arg>
</arguments>
<msg timestamp="20200417 00:55:11.909" level="INFO">Slept 3 seconds</msg>
<status status="PASS" starttime="20200417 00:55:08.907" endtime="20200417 00:55:11.909"></status>
</kw>
<kw name="Page Should Contain" library="SeleniumLibrary">
<doc>Verifies that current page contains ``text``.</doc>
<arguments>
<arg>${msj confirmacion_3}</arg>
</arguments>
<msg timestamp="20200417 00:55:12.371" level="INFO">Current page contains text 'Your order has been placed!'.</msg>
<status status="PASS" starttime="20200417 00:55:11.910" endtime="20200417 00:55:12.371"></status>
</kw>
<status status="PASS" starttime="20200417 00:55:08.443" endtime="20200417 00:55:12.372"></status>
</kw>
<kw name="Log Out" library="Keywords_Global">
<kw name="Click Link" library="SeleniumLibrary">
<doc>Clicks a link identified by ``locator``.</doc>
<arguments>
<arg>${My Account}</arg>
</arguments>
<msg timestamp="20200417 00:55:12.375" level="INFO">Clicking link 'link:My Account'.</msg>
<status status="PASS" starttime="20200417 00:55:12.374" endtime="20200417 00:55:13.454"></status>
</kw>
<kw name="Click Link" library="SeleniumLibrary">
<doc>Clicks a link identified by ``locator``.</doc>
<arguments>
<arg>${Logout}</arg>
</arguments>
<msg timestamp="20200417 00:55:13.456" level="INFO">Clicking link 'link:Logout'.</msg>
<status status="PASS" starttime="20200417 00:55:13.455" endtime="20200417 00:55:16.269"></status>
</kw>
<status status="PASS" starttime="20200417 00:55:12.373" endtime="20200417 00:55:16.269"></status>
</kw>
<tags>
<tag>purchase</tag>
</tags>
<status status="PASS" starttime="20200417 00:53:32.995" endtime="20200417 00:55:16.271" critical="yes"></status>
</test>
<kw name="Teardown espc" library="Keywords_Global" type="teardown">
<kw name="Get Length" library="BuiltIn">
<doc>Returns and logs the length of the given item as an integer.</doc>
<arguments>
<arg>${Email_New}</arg>
</arguments>
<assign>
<var>${Cant_Email_New}</var>
</assign>
<msg timestamp="20200417 00:55:16.284" level="INFO">Length is 18</msg>
<msg timestamp="20200417 00:55:16.284" level="INFO">${Cant_Email_New} = 18</msg>
<status status="PASS" starttime="20200417 00:55:16.282" endtime="20200417 00:55:16.284"></status>
</kw>
<kw name="Run Keyword If" library="BuiltIn">
<doc>Runs the given keyword with the given arguments, if ``condition`` is true.</doc>
<arguments>
<arg>${Cant_Email_New}&gt;0</arg>
<arg>Save Email_New</arg>
</arguments>
<kw name="Save Email_New" library="Keywords_Global">
<kw name="Get Current Date" library="DateTime">
<doc>Returns current local or UTC time with an optional increment.</doc>
<assign>
<var>${date}</var>
</assign>
<msg timestamp="20200417 00:55:16.288" level="INFO">${date} = 2020-04-17 00:55:16.288</msg>
<status status="PASS" starttime="20200417 00:55:16.287" endtime="20200417 00:55:16.289"></status>
</kw>
<kw name="Catenate" library="BuiltIn">
<doc>Catenates the given items together and returns the resulted string.</doc>
<arguments>
<arg>${date}\n</arg>
<arg>${Email_New}</arg>
</arguments>
<assign>
<var>${file}</var>
</assign>
<msg timestamp="20200417 00:55:16.290" level="INFO">${file} = 2020-04-17 00:55:16.288
 dshfgp@chipote.com</msg>
<status status="PASS" starttime="20200417 00:55:16.289" endtime="20200417 00:55:16.291"></status>
</kw>
<kw name="Append To File" library="OperatingSystem">
<doc>Appends the given content to the specified file.</doc>
<arguments>
<arg>Email/email.txt</arg>
<arg>${file}\n</arg>
</arguments>
<msg timestamp="20200417 00:55:16.294" level="INFO" html="yes">Appended to file '&lt;a href="file://E:\Automatizacion\Practicas-QA-RF\03-Caso 03\Email\email.txt"&gt;E:\Automatizacion\Practicas-QA-RF\03-Caso 03\Email\email.txt&lt;/a&gt;'.</msg>
<status status="PASS" starttime="20200417 00:55:16.291" endtime="20200417 00:55:16.295"></status>
</kw>
<status status="PASS" starttime="20200417 00:55:16.286" endtime="20200417 00:55:16.296"></status>
</kw>
<status status="PASS" starttime="20200417 00:55:16.285" endtime="20200417 00:55:16.296"></status>
</kw>
<kw name="Close All Browsers" library="SeleniumLibrary">
<doc>Closes all open browsers and resets the browser cache.</doc>
<status status="PASS" starttime="20200417 00:55:16.297" endtime="20200417 00:55:18.580"></status>
</kw>
<status status="PASS" starttime="20200417 00:55:16.280" endtime="20200417 00:55:18.580"></status>
</kw>
<status status="PASS" starttime="20200417 00:52:38.563" endtime="20200417 00:55:18.581"></status>
</suite>
<statistics>
<total>
<stat pass="3" fail="0">Critical Tests</stat>
<stat pass="3" fail="0">All Tests</stat>
</total>
<tag>
<stat pass="1" fail="0">Login</stat>
<stat pass="1" fail="0">purchase</stat>
<stat pass="1" fail="0">Register</stat>
</tag>
<suite>
<stat pass="3" fail="0" id="s1" name="Test CAses">Test CAses</stat>
</suite>
</statistics>
<errors>
</errors>
</robot>
